[debug] [2021-10-14T14:47:23.483Z] ----------------------------------------------------------------------
[debug] [2021-10-14T14:47:23.484Z] Command:       C:\Program Files\nodejs\node.exe C:\Users\vladp\AppData\Roaming\npm\node_modules\firebase-tools\lib\bin\firebase.js init
[debug] [2021-10-14T14:47:23.485Z] CLI Version:   9.20.0
[debug] [2021-10-14T14:47:23.485Z] Platform:      win32
[debug] [2021-10-14T14:47:23.485Z] Node Version:  v14.18.0
[debug] [2021-10-14T14:47:23.485Z] Time:          Thu Oct 14 2021 17:47:23 GMT+0300 (Eastern European Summer Time)
[debug] [2021-10-14T14:47:23.485Z] ----------------------------------------------------------------------
[debug] 
[debug] [2021-10-14T14:47:23.491Z] > command requires scopes: ["email","openid","https://www.googleapis.com/auth/cloudplatformprojects.readonly","https://www.googleapis.com/auth/firebase","https://www.googleapis.com/auth/cloud-platform"]
[debug] [2021-10-14T14:47:23.491Z] > authorizing via signed-in user (vladpescari@gmail.com)
[info] 
     ######## #### ########  ######## ########     ###     ######  ########
     ##        ##  ##     ## ##       ##     ##  ##   ##  ##       ##
     ######    ##  ########  ######   ########  #########  ######  ######
     ##        ##  ##    ##  ##       ##     ## ##     ##       ## ##
     ##       #### ##     ## ######## ########  ##     ##  ######  ########

You're about to initialize a Firebase project in this directory:

  C:\Users\vladp\Desktop\asigurare

[info] 
=== Project Setup
[info] 
[info] First, let's associate this project directory with a Firebase project.
[info] You can create multiple project aliases by running firebase use --add, 
[info] but for now we'll just set up a default project.
[info] 
[debug] [2021-10-14T14:47:53.142Z] >>> [apiv2][query] GET https://firebase.googleapis.com/v1beta1/projects pageSize=100
[debug] [2021-10-14T14:47:53.699Z] <<< [apiv2][status] GET https://firebase.googleapis.com/v1beta1/projects 200
[debug] [2021-10-14T14:47:53.699Z] <<< [apiv2][body] GET https://firebase.googleapis.com/v1beta1/projects [omitted]
[info] i  Using project asigurare-e01af (Asigurare) 
[info] 
=== Hosting Setup
[info] 
[info] Your public directory is the folder (relative to your project directory) that
[info] will contain Hosting assets to be uploaded with firebase deploy. If you
[info] have a build process for your assets, use your build's output directory.
[info] 
